<?xml version="1.0" encoding="UTF-8"?>
<testng-results skipped="0" failed="0" ignored="0" total="1" passed="1">
  <reporter-output>
  </reporter-output>
  <suite name="Failed suite [InetBankingV1]" duration-ms="31127" started-at="2021-03-30T13:05:37 IST" finished-at="2021-03-30T13:06:08 IST">
    <groups>
    </groups>
    <test name="BankingApp Test(failed)" duration-ms="31127" started-at="2021-03-30T13:05:37 IST" finished-at="2021-03-30T13:06:08 IST">
      <class name="com.inetbanking.testCases.TC_LoginTest_001">
        <test-method status="PASS" signature="setUp(java.lang.String)[pri:0, instance:com.inetbanking.testCases.TC_LoginTest_001@704a52ec]" name="setUp" is-config="true" duration-ms="23524" started-at="2021-03-30T13:05:37 IST" finished-at="2021-03-30T13:06:01 IST">
          <params>
            <param index="0">
              <value>
                <![CDATA[chrome]]>
              </value>
            </param>
          </params>
          <reporter-output>
          </reporter-output>
        </test-method> <!-- setUp -->
        <test-method status="PASS" signature="loginTest()[pri:0, instance:com.inetbanking.testCases.TC_LoginTest_001@704a52ec]" name="loginTest" duration-ms="5810" started-at="2021-03-30T13:06:01 IST" finished-at="2021-03-30T13:06:07 IST">
          <reporter-output>
          </reporter-output>
        </test-method> <!-- loginTest -->
        <test-method status="PASS" signature="tearDown()[pri:0, instance:com.inetbanking.testCases.TC_LoginTest_001@704a52ec]" name="tearDown" is-config="true" duration-ms="1176" started-at="2021-03-30T13:06:07 IST" finished-at="2021-03-30T13:06:08 IST">
          <reporter-output>
          </reporter-output>
        </test-method> <!-- tearDown -->
      </class> <!-- com.inetbanking.testCases.TC_LoginTest_001 -->
    </test> <!-- BankingApp Test(failed) -->
  </suite> <!-- Failed suite [InetBankingV1] -->
</testng-results>
